<?xml version="1.0" encoding="UTF-8"?>
<testsuite xmlns:xsi="http://www.w3.org/2001/XMLSchema-instance" xsi:noNamespaceSchemaLocation="https://maven.apache.org/surefire/maven-surefire-plugin/xsd/surefire-test-report-3.0.xsd" version="3.0" name="com.rgn.mathflux.MathFluxOperationsUnitTest" time="0.226" tests="4" errors="0" skipped="0" failures="0">
  <properties>
[...]
</properties>
  <testcase name="givenFluxOfNumbers_whenCalculatingSum_thenExpectCorrectResult" classname="com.rgn.mathflux.MathFluxOperationsUnitTest" time="0.198"/>
  <testcase name="givenFluxOfNumbers_whenCalculatingAverage_thenExpectCorrectResult" classname="com.rgn.mathflux.MathFluxOperationsUnitTest" time="0.002"/>
  <testcase name="givenFluxOfNumbers_whenFindingMinElement_thenExpectCorrectResult" classname="com.rgn.mathflux.MathFluxOperationsUnitTest" time="0.002"/>
  <testcase name="givenFluxOfNumbers_whenFindingMaxElement_thenExpectCorrectResult" classname="com.rgn.mathflux.MathFluxOperationsUnitTest" time="0.001"/>
</testsuite>